<?xml version="1.0" encoding="UTF-8"?>
<testng-results skipped="0" failed="0" ignored="0" total="2" passed="2">
  <reporter-output>
  </reporter-output>
  <suite name="opencart" duration-ms="30506" started-at="2022-06-30T22:20:16 IST" finished-at="2022-06-30T22:20:47 IST">
    <groups>
      <group name="Regression">
        <method signature="AccountRegistration.test_registor()[pri:0, instance:testcases.AccountRegistration@37374a5e]" name="test_registor" class="testcases.AccountRegistration"/>
      </group> <!-- Regression -->
      <group name="sanity">
        <method signature="TC_002_Login.test_Login()[pri:0, instance:testcases.TC_002_Login@192d3247]" name="test_Login" class="testcases.TC_002_Login"/>
      </group> <!-- sanity -->
      <group name="master">
        <method signature="AccountRegistration.test_registor()[pri:0, instance:testcases.AccountRegistration@37374a5e]" name="test_registor" class="testcases.AccountRegistration"/>
        <method signature="TC_002_Login.test_Login()[pri:0, instance:testcases.TC_002_Login@192d3247]" name="test_Login" class="testcases.TC_002_Login"/>
      </group> <!-- master -->
    </groups>
    <test name="Test" duration-ms="30506" started-at="2022-06-30T22:20:16 IST" finished-at="2022-06-30T22:20:47 IST">
      <class name="testcases.AccountRegistration">
        <test-method status="PASS" signature="setup(java.lang.String)[pri:0, instance:testcases.AccountRegistration@37374a5e]" name="setup" is-config="true" duration-ms="10009" started-at="2022-06-30T22:20:17 IST" finished-at="2022-06-30T22:20:27 IST">
          <params>
            <param index="0">
              <value>
                <![CDATA[chrome]]>
              </value>
            </param>
          </params>
          <reporter-output>
          </reporter-output>
        </test-method> <!-- setup -->
        <test-method status="PASS" signature="test_registor()[pri:0, instance:testcases.AccountRegistration@37374a5e]" name="test_registor" duration-ms="10006" started-at="2022-06-30T22:20:27 IST" finished-at="2022-06-30T22:20:37 IST">
          <reporter-output>
          </reporter-output>
        </test-method> <!-- test_registor -->
        <test-method status="PASS" signature="teardown()[pri:0, instance:testcases.AccountRegistration@37374a5e]" name="teardown" is-config="true" duration-ms="419" started-at="2022-06-30T22:20:37 IST" finished-at="2022-06-30T22:20:37 IST">
          <reporter-output>
          </reporter-output>
        </test-method> <!-- teardown -->
      </class> <!-- testcases.AccountRegistration -->
      <class name="testcases.TC_002_Login">
        <test-method status="PASS" signature="setup(java.lang.String)[pri:0, instance:testcases.TC_002_Login@192d3247]" name="setup" is-config="true" duration-ms="2816" started-at="2022-06-30T22:20:37 IST" finished-at="2022-06-30T22:20:40 IST">
          <params>
            <param index="0">
              <value>
                <![CDATA[chrome]]>
              </value>
            </param>
          </params>
          <reporter-output>
          </reporter-output>
        </test-method> <!-- setup -->
        <test-method status="PASS" signature="test_Login()[pri:0, instance:testcases.TC_002_Login@192d3247]" name="test_Login" duration-ms="6624" started-at="2022-06-30T22:20:40 IST" finished-at="2022-06-30T22:20:47 IST">
          <reporter-output>
          </reporter-output>
        </test-method> <!-- test_Login -->
        <test-method status="PASS" signature="teardown()[pri:0, instance:testcases.TC_002_Login@192d3247]" name="teardown" is-config="true" duration-ms="200" started-at="2022-06-30T22:20:47 IST" finished-at="2022-06-30T22:20:47 IST">
          <reporter-output>
          </reporter-output>
        </test-method> <!-- teardown -->
      </class> <!-- testcases.TC_002_Login -->
    </test> <!-- Test -->
  </suite> <!-- opencart -->
</testng-results>
