<?xml version="1.0" encoding="UTF-8"?>
<testng-results ignored="0" total="2" passed="2" failed="0" skipped="0">
  <reporter-output>
  </reporter-output>
  <suite started-at="2022-06-30T22:12:25 IST" name="opencart" finished-at="2022-06-30T22:13:12 IST" duration-ms="47178">
    <groups>
      <group name="Regression">
        <method signature="AccountRegistration.test_registor()[pri:0, instance:testcases.AccountRegistration@7d4f9aae]" name="test_registor" class="testcases.AccountRegistration"/>
      </group> <!-- Regression -->
      <group name="sanity">
        <method signature="TC_002_Login.test_Login()[pri:0, instance:testcases.TC_002_Login@73e9cf30]" name="test_Login" class="testcases.TC_002_Login"/>
      </group> <!-- sanity -->
      <group name="master">
        <method signature="AccountRegistration.test_registor()[pri:0, instance:testcases.AccountRegistration@7d4f9aae]" name="test_registor" class="testcases.AccountRegistration"/>
        <method signature="TC_002_Login.test_Login()[pri:0, instance:testcases.TC_002_Login@73e9cf30]" name="test_Login" class="testcases.TC_002_Login"/>
      </group> <!-- master -->
    </groups>
    <test started-at="2022-06-30T22:12:25 IST" name="Test" finished-at="2022-06-30T22:13:12 IST" duration-ms="47178">
      <class name="testcases.AccountRegistration">
        <test-method is-config="true" signature="setup(java.lang.String)[pri:0, instance:testcases.AccountRegistration@7d4f9aae]" started-at="2022-06-30T22:12:26 IST" name="setup" finished-at="2022-06-30T22:12:32 IST" duration-ms="6375" status="PASS">
          <params>
            <param index="0">
              <value>
                <![CDATA[chrome]]>
              </value>
            </param>
          </params>
          <reporter-output>
          </reporter-output>
        </test-method> <!-- setup -->
        <test-method signature="test_registor()[pri:0, instance:testcases.AccountRegistration@7d4f9aae]" started-at="2022-06-30T22:12:32 IST" name="test_registor" finished-at="2022-06-30T22:12:59 IST" duration-ms="26321" status="PASS">
          <reporter-output>
          </reporter-output>
        </test-method> <!-- test_registor -->
        <test-method is-config="true" signature="teardown()[pri:0, instance:testcases.AccountRegistration@7d4f9aae]" started-at="2022-06-30T22:12:59 IST" name="teardown" finished-at="2022-06-30T22:12:59 IST" duration-ms="333" status="PASS">
          <reporter-output>
          </reporter-output>
        </test-method> <!-- teardown -->
      </class> <!-- testcases.AccountRegistration -->
      <class name="testcases.TC_002_Login">
        <test-method is-config="true" signature="setup(java.lang.String)[pri:0, instance:testcases.TC_002_Login@73e9cf30]" started-at="2022-06-30T22:12:59 IST" name="setup" finished-at="2022-06-30T22:13:01 IST" duration-ms="2253" status="PASS">
          <params>
            <param index="0">
              <value>
                <![CDATA[chrome]]>
              </value>
            </param>
          </params>
          <reporter-output>
          </reporter-output>
        </test-method> <!-- setup -->
        <test-method signature="test_Login()[pri:0, instance:testcases.TC_002_Login@73e9cf30]" started-at="2022-06-30T22:13:01 IST" name="test_Login" finished-at="2022-06-30T22:13:12 IST" duration-ms="10939" status="PASS">
          <reporter-output>
          </reporter-output>
        </test-method> <!-- test_Login -->
        <test-method is-config="true" signature="teardown()[pri:0, instance:testcases.TC_002_Login@73e9cf30]" started-at="2022-06-30T22:13:12 IST" name="teardown" finished-at="2022-06-30T22:13:12 IST" duration-ms="300" status="PASS">
          <reporter-output>
          </reporter-output>
        </test-method> <!-- teardown -->
      </class> <!-- testcases.TC_002_Login -->
    </test> <!-- Test -->
  </suite> <!-- opencart -->
</testng-results>
